INFO:scholarly:Getting https://scholar.google.com/citations?hl=en&view_op=search_authors&mauthors=Liang%20Liang%20Cao
INFO:scholarly:Session proxy config is {}
INFO:scholarly:Found 10 authors
INFO:scholarly:Getting https://scholar.google.com/citations?hl=en&user=tN2iKyEAAAAJ&pagesize=100
INFO:scholarly:Session proxy config is {}
INFO:scholarly:Getting https://scholar.google.com/scholar?hl=en&q=Domain%20randomization%20for%20transferring%20deep%20neural%20networks%20from%20simulation%20to%20the%20real%20world&as_vis=0&as_sdt=0,33
INFO:scholarly:Session proxy config is {}
INFO:scholarly:Got a captcha request.
INFO:scholarly:Exception WebDriverException while fetching page: ("'geckodriver' executable needs to be in PATH. ",)
INFO:scholarly:Retrying with a new session.
INFO:scholarly:Session proxy config is {}
INFO:scholarly:Got a captcha request.
INFO:scholarly:Exception WebDriverException while fetching page: ("'geckodriver' executable needs to be in PATH. ",)
INFO:scholarly:Retrying with a new session.
INFO:scholarly:Session proxy config is {}
INFO:scholarly:Got a captcha request.
INFO:scholarly:Exception WebDriverException while fetching page: ("'geckodriver' executable needs to be in PATH. ",)
INFO:scholarly:Retrying with a new session.
INFO:scholarly:Session proxy config is {}
INFO:scholarly:Got a captcha request.
INFO:scholarly:Exception WebDriverException while fetching page: ("'geckodriver' executable needs to be in PATH. ",)
INFO:scholarly:Retrying with a new session.
INFO:scholarly:Session proxy config is {}
INFO:scholarly:Got a captcha request.
INFO:scholarly:Exception WebDriverException while fetching page: ("'geckodriver' executable needs to be in PATH. ",)
INFO:scholarly:Retrying with a new session.
INFO:scholarly:Getting https://scholar.google.com/citations?hl=en&view_op=search_authors&mauthors=Yibiao%20Zhao
INFO:scholarly:Session proxy config is {}
INFO:scholarly:Found 1 authors
INFO:scholarly:Getting https://scholar.google.com/citations?hl=en&user=GZbguukAAAAJ&pagesize=100
INFO:scholarly:Session proxy config is {}
INFO:scholarly:Getting https://scholar.google.com/citations?hl=en&view_op=search_authors&mauthors=Ken%20Goldberg
INFO:scholarly:Session proxy config is {}
INFO:scholarly:Found 2 authors
INFO:scholarly:Getting https://scholar.google.com/citations?hl=en&user=8fztli4AAAAJ&pagesize=100
INFO:scholarly:Session proxy config is {}
INFO:scholarly:Getting https://scholar.google.com/citations?hl=en&view_op=search_authors&mauthors=Pieter%20Abbeel
INFO:scholarly:Session proxy config is {}
INFO:scholarly:Found 1 authors
INFO:scholarly:Getting https://scholar.google.com/citations?hl=en&user=vtwH6GkAAAAJ&pagesize=100
INFO:scholarly:Session proxy config is {}
INFO:scholarly:Getting https://scholar.google.com/citations?hl=en&view_op=search_authors&mauthors=Dezhen%20Song
INFO:scholarly:Session proxy config is {}
INFO:scholarly:Found 1 authors
INFO:scholarly:Getting https://scholar.google.com/citations?hl=en&user=jdSlREMAAAAJ&pagesize=100
INFO:scholarly:Session proxy config is {}
INFO:scholarly:Getting https://scholar.google.com/citations?hl=en&view_op=search_authors&mauthors=Frank%20van%20der%20Stappen
INFO:scholarly:Session proxy config is {}
INFO:scholarly:Found 1 authors
INFO:scholarly:Getting https://scholar.google.com/citations?hl=en&user=RlSbIJ4AAAAJ&pagesize=100
INFO:scholarly:Session proxy config is {}
INFO:scholarly:Getting https://scholar.google.com/citations?hl=en&view_op=search_authors&mauthors=Jur%20van%20den%20Berg
INFO:scholarly:Session proxy config is {}
INFO:scholarly:Found 1 authors
INFO:scholarly:Getting https://scholar.google.com/citations?hl=en&user=VjsNXysAAAAJ&pagesize=100
INFO:scholarly:Session proxy config is {}
INFO:scholarly:Getting https://scholar.google.com/citations?hl=en&view_op=search_authors&mauthors=John%20Canny
INFO:scholarly:Session proxy config is {}
INFO:scholarly:Found 1 authors
INFO:scholarly:Getting https://scholar.google.com/citations?hl=en&user=LAv0HTEAAAAJ&pagesize=100
INFO:scholarly:Session proxy config is {}
INFO:scholarly:Getting https://scholar.google.com/citations?hl=en&view_op=search_authors&mauthors=Yibiao%20Zhao
INFO:scholarly:Session proxy config is {}
INFO:scholarly:Found 1 authors
INFO:scholarly:Getting https://scholar.google.com/citations?hl=en&user=GZbguukAAAAJ&pagesize=100
INFO:scholarly:Session proxy config is {}
INFO:scholarly:Getting https://scholar.google.com/citations?hl=en&view_op=search_authors&mauthors=song-chun%20zhu
INFO:scholarly:Session proxy config is {}
INFO:scholarly:Found 1 authors
INFO:scholarly:Getting https://scholar.google.com/citations?hl=en&user=Al8dyb4AAAAJ&pagesize=100
INFO:scholarly:Session proxy config is {}
INFO:scholarly:Getting https://scholar.google.com/citations?hl=en&view_op=search_authors&mauthors=Yixin%20Zhu
INFO:scholarly:Session proxy config is {}
INFO:scholarly:Found 1 authors
INFO:scholarly:Getting https://scholar.google.com/citations?hl=en&user=qG9l6JEAAAAJ&pagesize=100
INFO:scholarly:Session proxy config is {}
INFO:scholarly:Getting https://scholar.google.com/citations?hl=en&view_op=search_authors&mauthors=Bo%20Zheng
INFO:scholarly:Session proxy config is {}
INFO:scholarly:Found 10 authors
INFO:scholarly:Getting https://scholar.google.com/citations?hl=en&user=iLBfRWwAAAAJ&pagesize=100
INFO:scholarly:Session proxy config is {}
INFO:scholarly:Getting https://scholar.google.com/citations?hl=en&view_op=search_authors&mauthors=Katsushi%20Ikeuchi
INFO:scholarly:Session proxy config is {}
INFO:scholarly:Found 1 authors
INFO:scholarly:Getting https://scholar.google.com/citations?hl=en&user=YHxZLlwAAAAJ&pagesize=100
INFO:scholarly:Session proxy config is {}
INFO:scholarly:Getting https://scholar.google.com/citations?hl=en&view_op=search_authors&mauthors=Jun-Yan%20Zhu
INFO:scholarly:Session proxy config is {}
INFO:scholarly:Found 1 authors
INFO:scholarly:Getting https://scholar.google.com/citations?hl=en&user=UdpacsMAAAAJ&pagesize=100
INFO:scholarly:Session proxy config is {}
INFO:scholarly:Getting https://scholar.google.com/citations?hl=en&view_op=search_authors&mauthors=Yibiao%20Zhao
INFO:scholarly:Session proxy config is {}
INFO:scholarly:Found 1 authors
INFO:scholarly:Getting https://scholar.google.com/citations?hl=en&user=GZbguukAAAAJ&pagesize=100
INFO:scholarly:Session proxy config is {}
INFO:scholarly:Getting https://scholar.google.com/citations?hl=en&view_op=search_authors&mauthors=song-chun%20zhu
INFO:scholarly:Session proxy config is {}
INFO:scholarly:Found 1 authors
INFO:scholarly:Getting https://scholar.google.com/citations?hl=en&user=Al8dyb4AAAAJ&pagesize=100
INFO:scholarly:Session proxy config is {}
INFO:scholarly:Getting https://scholar.google.com/citations?hl=en&view_op=search_authors&mauthors=Yixin%20Zhu
INFO:scholarly:Getting https://scholar.google.com/citations?hl=en&view_op=search_authors&mauthors=Pieter%20Abbeel
INFO:scholarly:Session proxy config is {}
INFO:scholarly:Found 1 authors
INFO:scholarly:Getting https://scholar.google.com/citations?hl=en&user=vtwH6GkAAAAJ&pagesize=100
INFO:scholarly:Session proxy config is {}
INFO:scholarly:Getting https://scholar.google.com/citations?hl=en&view_op=search_authors&mauthors=Sergey%20Levine
INFO:scholarly:Session proxy config is {}
INFO:scholarly:Found 1 authors
INFO:scholarly:Getting https://scholar.google.com/citations?hl=en&user=8R35rCwAAAAJ&pagesize=100
INFO:scholarly:Session proxy config is {}
INFO:scholarly:Getting https://scholar.google.com/citations?hl=en&view_op=search_authors&mauthors=John%20Schulman
INFO:scholarly:Session proxy config is {}
INFO:scholarly:Found 1 authors
INFO:scholarly:Getting https://scholar.google.com/citations?hl=en&user=itSa94cAAAAJ&pagesize=100
INFO:scholarly:Session proxy config is {}
INFO:scholarly:Getting https://scholar.google.com/citations?hl=en&view_op=search_authors&mauthors=Ken%20Goldberg
INFO:scholarly:Session proxy config is {}
INFO:scholarly:Found 2 authors
INFO:scholarly:Getting https://scholar.google.com/citations?hl=en&user=8fztli4AAAAJ&pagesize=100
INFO:scholarly:Session proxy config is {}
INFO:scholarly:Getting https://scholar.google.com/citations?hl=en&view_op=search_authors&mauthors=Yan%20Duan
INFO:scholarly:Session proxy config is {}
INFO:scholarly:Found 4 authors
INFO:scholarly:Getting https://scholar.google.com/citations?hl=en&user=EMDboA4AAAAJ&pagesize=100
INFO:scholarly:Session proxy config is {}
INFO:scholarly:Getting https://scholar.google.com/citations?hl=en&view_op=search_authors&mauthors=Sachin%20Patil
INFO:scholarly:Session proxy config is {}
INFO:scholarly:Found 10 authors
INFO:scholarly:Getting https://scholar.google.com/citations?hl=en&user=1vsDnpgAAAAJ&pagesize=100
INFO:scholarly:Session proxy config is {}
INFO:scholarly:Getting https://scholar.google.com/citations?hl=en&view_op=search_authors&mauthors=Pieter%20Abbeel
INFO:scholarly:Session proxy config is {}
INFO:scholarly:Found 1 authors
INFO:scholarly:Getting https://scholar.google.com/citations?hl=en&user=vtwH6GkAAAAJ&pagesize=100
INFO:scholarly:Session proxy config is {}
INFO:scholarly:Getting https://scholar.google.com/citations?hl=en&view_op=search_authors&mauthors=Sergey%20Levine
INFO:scholarly:Session proxy config is {}
INFO:scholarly:Found 1 authors
INFO:scholarly:Getting https://scholar.google.com/citations?hl=en&user=8R35rCwAAAAJ&pagesize=100
INFO:scholarly:Session proxy config is {}
INFO:scholarly:Getting https://scholar.google.com/citations?hl=en&view_op=search_authors&mauthors=John%20Schulman
INFO:scholarly:Session proxy config is {}
INFO:scholarly:Found 1 authors
INFO:scholarly:Getting https://scholar.google.com/citations?hl=en&user=itSa94cAAAAJ&pagesize=100
INFO:scholarly:Session proxy config is {}
INFO:scholarly:Getting https://scholar.google.com/citations?hl=en&view_op=search_authors&mauthors=Ken%20Goldberg
INFO:scholarly:Session proxy config is {}
INFO:scholarly:Found 2 authors
INFO:scholarly:Getting https://scholar.google.com/citations?hl=en&user=8fztli4AAAAJ&pagesize=100
INFO:scholarly:Session proxy config is {}
INFO:scholarly:Getting https://scholar.google.com/citations?hl=en&view_op=search_authors&mauthors=Yan%20Duan
INFO:scholarly:Session proxy config is {}
INFO:scholarly:Found 4 authors
INFO:scholarly:Getting https://scholar.google.com/citations?hl=en&user=EMDboA4AAAAJ&pagesize=100
INFO:scholarly:Session proxy config is {}
INFO:scholarly:Getting https://scholar.google.com/citations?hl=en&view_op=search_authors&mauthors=Sachin%20Patil
INFO:scholarly:Session proxy config is {}
INFO:scholarly:Found 10 authors
INFO:scholarly:Getting https://scholar.google.com/citations?hl=en&user=1vsDnpgAAAAJ&pagesize=100
INFO:scholarly:Session proxy config is {}
